<?xml version="1.0" encoding="UTF-8"?>
<!-- Generated by org.testng.reporters.JUnitReportReporter -->
<testsuite skipped="0" hostname="DESKTOP-5K1OUF2" name="XeroautomationSeptBatch_2019.XeroAutomation" tests="1" failures="0" timestamp="31 Dec 2019 22:27:19 GMT" time="56.363" errors="0">
  <testcase name="TestID08_A" time="56.363" classname="XeroautomationSeptBatch_2019.XeroAutomation"/>
</testsuite> <!-- XeroautomationSeptBatch_2019.XeroAutomation -->
